<?xml version="1.0" encoding="UTF-8"?>
<!-- Generated by org.testng.reporters.JUnitXMLReporter -->
<testsuite ignored="0" hostname="LAPTOP-MQBV8I92" failures="0" tests="3" name="Test" time="22.364" errors="0" timestamp="2023-07-26T18:30:41 IST">
  <testcase classname="TestCase.RegistrationTestCase" name="verifySignup" time="8.161"/>
  <testcase classname="TestCase.LoginTestCase" name="verifyLogin" time="6.089"/>
  <testcase classname="TestCase.ProductValueTestCase" name="comparision" time="8.053"/>
</testsuite> <!-- Test -->
