<?xml version="1.0" encoding="UTF-8"?>
<testng-results ignored="0" total="1" passed="1" failed="0" skipped="0">
  <reporter-output>
  </reporter-output>
  <suite started-at="2023-08-05T12:43:53 IST" name="Default suite" finished-at="2023-08-05T12:44:08 IST" duration-ms="15220">
    <groups>
    </groups>
    <test started-at="2023-08-05T12:43:53 IST" name="Default test" finished-at="2023-08-05T12:44:08 IST" duration-ms="15220">
      <class name="TestCase.SearchTestCases">
        <test-method is-config="true" signature="LaunchBrowserandUrl()[pri:0, instance:TestCase.SearchTestCases@6302bbb1]" started-at="2023-08-05T12:43:53 IST" name="LaunchBrowserandUrl" finished-at="2023-08-05T12:43:56 IST" duration-ms="3184" status="PASS">
          <reporter-output>
          </reporter-output>
        </test-method> <!-- LaunchBrowserandUrl -->
        <test-method signature="Search()[pri:0, instance:TestCase.SearchTestCases@6302bbb1]" started-at="2023-08-05T12:43:56 IST" name="Search" finished-at="2023-08-05T12:44:08 IST" duration-ms="11998" status="PASS">
          <reporter-output>
          </reporter-output>
        </test-method> <!-- Search -->
      </class> <!-- TestCase.SearchTestCases -->
    </test> <!-- Default test -->
  </suite> <!-- Default suite -->
</testng-results>
