<?xml version="1.0" encoding="UTF-8"?>
<testng-results ignored="0" total="1" passed="1" failed="0" skipped="0">
  <reporter-output>
  </reporter-output>
  <suite started-at="2023-07-26T21:14:36 IST" name="Default suite" finished-at="2023-07-26T21:14:46 IST" duration-ms="10101">
    <groups>
    </groups>
    <test started-at="2023-07-26T21:14:36 IST" name="Default test" finished-at="2023-07-26T21:14:46 IST" duration-ms="10101">
      <class name="TestCase.ProductValueTestCase">
        <test-method signature="comparision()[pri:0, instance:TestCase.ProductValueTestCase@49e53c76]" started-at="2023-07-26T21:14:36 IST" name="comparision" finished-at="2023-07-26T21:14:46 IST" duration-ms="10014" status="PASS">
          <reporter-output>
          </reporter-output>
        </test-method> <!-- comparision -->
      </class> <!-- TestCase.ProductValueTestCase -->
    </test> <!-- Default test -->
  </suite> <!-- Default suite -->
</testng-results>
